sudo: a terminal is required to read the password; either use the -S option to read from standard input or configure an askpass helper
sudo: a terminal is required to read the password; either use the -S option to read from standard input or configure an askpass helper
sudo: a terminal is required to read the password; either use the -S option to read from standard input or configure an askpass helper
sudo: a terminal is required to read the password; either use the -S option to read from standard input or configure an askpass helper
sudo: a terminal is required to read the password; either use the -S option to read from standard input or configure an askpass helper
sudo: a terminal is required to read the password; either use the -S option to read from standard input or configure an askpass helper
ssh: Could not resolve hostname /opt/brickbox/bb_vm/keys/bb_root: Name or service not known
sudo: a terminal is required to read the password; either use the -S option to read from standard input or configure an askpass helper
sudo: a terminal is required to read the password; either use the -S option to read from standard input or configure an askpass helper
sudo: a terminal is required to read the password; either use the -S option to read from standard input or configure an askpass helper
sudo: a terminal is required to read the password; either use the -S option to read from standard input or configure an askpass helper
sudo: a terminal is required to read the password; either use the -S option to read from standard input or configure an askpass helper
sudo: a terminal is required to read the password; either use the -S option to read from standard input or configure an askpass helper
sudo: a terminal is required to read the password; either use the -S option to read from standard input or configure an askpass helper
sudo: a terminal is required to read the password; either use the -S option to read from standard input or configure an askpass helper
sudo: a terminal is required to read the password; either use the -S option to read from standard input or configure an askpass helper
sudo: a terminal is required to read the password; either use the -S option to read from standard input or configure an askpass helper
sudo: a terminal is required to read the password; either use the -S option to read from standard input or configure an askpass helper
sudo: a terminal is required to read the password; either use the -S option to read from standard input or configure an askpass helper
Permission denied, please try again.
sudo: a terminal is required to read the password; either use the -S option to read from standard input or configure an askpass helper
sudo: a terminal is required to read the password; either use the -S option to read from standard input or configure an askpass helper
sudo: a terminal is required to read the password; either use the -S option to read from standard input or configure an askpass helper
sudo: a terminal is required to read the password; either use the -S option to read from standard input or configure an askpass helper
sudo: a terminal is required to read the password; either use the -S option to read from standard input or configure an askpass helper
sudo: a terminal is required to read the password; either use the -S option to read from standard input or configure an askpass helper
sudo: a terminal is required to read the password; either use the -S option to read from standard input or configure an askpass helper
sudo: a terminal is required to read the password; either use the -S option to read from standard input or configure an askpass helper
sudo: a terminal is required to read the password; either use the -S option to read from standard input or configure an askpass helper
sudo: a terminal is required to read the password; either use the -S option to read from standard input or configure an askpass helper
sudo: a terminal is required to read the password; either use the -S option to read from standard input or configure an askpass helper
sudo: a terminal is required to read the password; either use the -S option to read from standard input or configure an askpass helper
sudo: a terminal is required to read the password; either use the -S option to read from standard input or configure an askpass helper
sudo: a terminal is required to read the password; either use the -S option to read from standard input or configure an askpass helper
sudo: a terminal is required to read the password; either use the -S option to read from standard input or configure an askpass helper
sudo: a terminal is required to read the password; either use the -S option to read from standard input or configure an askpass helper
sudo: a terminal is required to read the password; either use the -S option to read from standard input or configure an askpass helper
sudo: a terminal is required to read the password; either use the -S option to read from standard input or configure an askpass helper
sudo: a terminal is required to read the password; either use the -S option to read from standard input or configure an askpass helper
sudo: a terminal is required to read the password; either use the -S option to read from standard input or configure an askpass helper
sudo: a terminal is required to read the password; either use the -S option to read from standard input or configure an askpass helper
sudo: a terminal is required to read the password; either use the -S option to read from standard input or configure an askpass helper
sudo: a terminal is required to read the password; either use the -S option to read from standard input or configure an askpass helper
sudo: a terminal is required to read the password; either use the -S option to read from standard input or configure an askpass helper
sudo: a terminal is required to read the password; either use the -S option to read from standard input or configure an askpass helper
sudo: a terminal is required to read the password; either use the -S option to read from standard input or configure an askpass helper
sudo: a terminal is required to read the password; either use the -S option to read from standard input or configure an askpass helper
sudo: a terminal is required to read the password; either use the -S option to read from standard input or configure an askpass helper
sudo: a terminal is required to read the password; either use the -S option to read from standard input or configure an askpass helper
sudo: a terminal is required to read the password; either use the -S option to read from standard input or configure an askpass helper
sudo: a terminal is required to read the password; either use the -S option to read from standard input or configure an askpass helper
sudo: a terminal is required to read the password; either use the -S option to read from standard input or configure an askpass helper
sudo: a terminal is required to read the password; either use the -S option to read from standard input or configure an askpass helper
sudo: a terminal is required to read the password; either use the -S option to read from standard input or configure an askpass helper
sudo: a terminal is required to read the password; either use the -S option to read from standard input or configure an askpass helper
sudo: a terminal is required to read the password; either use the -S option to read from standard input or configure an askpass helper
sudo: a terminal is required to read the password; either use the -S option to read from standard input or configure an askpass helper
sudo: a terminal is required to read the password; either use the -S option to read from standard input or configure an askpass helper
sudo: a terminal is required to read the password; either use the -S option to read from standard input or configure an askpass helper
sudo: a terminal is required to read the password; either use the -S option to read from standard input or configure an askpass helper
sudo: a terminal is required to read the password; either use the -S option to read from standard input or configure an askpass helper
sudo: a terminal is required to read the password; either use the -S option to read from standard input or configure an askpass helper
sudo: a terminal is required to read the password; either use the -S option to read from standard input or configure an askpass helper
sudo: a terminal is required to read the password; either use the -S option to read from standard input or configure an askpass helper
sudo: a terminal is required to read the password; either use the -S option to read from standard input or configure an askpass helper
sudo: a terminal is required to read the password; either use the -S option to read from standard input or configure an askpass helper
sudo: a terminal is required to read the password; either use the -S option to read from standard input or configure an askpass helper
sudo: a terminal is required to read the password; either use the -S option to read from standard input or configure an askpass helper
sudo: a terminal is required to read the password; either use the -S option to read from standard input or configure an askpass helper
sudo: a terminal is required to read the password; either use the -S option to read from standard input or configure an askpass helper
sudo: a terminal is required to read the password; either use the -S option to read from standard input or configure an askpass helper
sudo: a terminal is required to read the password; either use the -S option to read from standard input or configure an askpass helper
sudo: a terminal is required to read the password; either use the -S option to read from standard input or configure an askpass helper
sudo: a terminal is required to read the password; either use the -S option to read from standard input or configure an askpass helper
sudo: a terminal is required to read the password; either use the -S option to read from standard input or configure an askpass helper
sudo: a terminal is required to read the password; either use the -S option to read from standard input or configure an askpass helper
sudo: a terminal is required to read the password; either use the -S option to read from standard input or configure an askpass helper
sudo: a terminal is required to read the password; either use the -S option to read from standard input or configure an askpass helper
sudo: a terminal is required to read the password; either use the -S option to read from standard input or configure an askpass helper
sudo: a terminal is required to read the password; either use the -S option to read from standard input or configure an askpass helper
sudo: a terminal is required to read the password; either use the -S option to read from standard input or configure an askpass helper
sudo: a terminal is required to read the password; either use the -S option to read from standard input or configure an askpass helper
sudo: a terminal is required to read the password; either use the -S option to read from standard input or configure an askpass helper
sudo: a terminal is required to read the password; either use the -S option to read from standard input or configure an askpass helper
sudo: a terminal is required to read the password; either use the -S option to read from standard input or configure an askpass helper
sudo: a terminal is required to read the password; either use the -S option to read from standard input or configure an askpass helper
sudo: a terminal is required to read the password; either use the -S option to read from standard input or configure an askpass helper
sudo: a terminal is required to read the password; either use the -S option to read from standard input or configure an askpass helper
sudo: a terminal is required to read the password; either use the -S option to read from standard input or configure an askpass helper
sudo: a terminal is required to read the password; either use the -S option to read from standard input or configure an askpass helper
sudo: a terminal is required to read the password; either use the -S option to read from standard input or configure an askpass helper
sudo: a terminal is required to read the password; either use the -S option to read from standard input or configure an askpass helper
Cloning into 'vfio-pci-bind'...
chmod: cannot access '/vfio-pci-bind/vfio-pci-bind.sh': No such file or directory
fatal: destination path 'vfio-pci-bind' already exists and is not an empty directory.
chmod: cannot access '/vfio-pci-bind/vfio-pci-bind.sh': No such file or directory
fatal: destination path 'vfio-pci-bind' already exists and is not an empty directory.
RTNETLINK answers: File exists
Killed old client process
fatal: destination path 'vfio-pci-bind' already exists and is not an empty directory.
RTNETLINK answers: File exists
Killed old client process
Warning: Identity file /opt/brickbox/bb_vm/keys/bb_dev not accessible: No such file or directory.
Permission denied, please try again.
Permission denied, please try again.
bb_dev@localhost: Permission denied (publickey,password).
Warning: Identity file /opt/brickbox/bb_vm/keys/bb_dev not accessible: No such file or directory.
Permission denied, please try again.
Permission denied, please try again.
bb_dev@localhost: Permission denied (publickey,password).
Warning: Identity file /opt/brickbox/bb_vm/keys/bb_dev not accessible: No such file or directory.
Permission denied, please try again.
Permission denied, please try again.
bb_dev@localhost: Permission denied (publickey,password).
Warning: Identity file /opt/brickbox/bb_vm/keys/bb_dev not accessible: No such file or directory.
Permission denied, please try again.
Permission denied, please try again.
bb_dev@localhost: Permission denied (publickey,password).
Warning: Identity file /opt/brickbox/bb_vm/keys/bb_dev not accessible: No such file or directory.
Permission denied, please try again.
Permission denied, please try again.
bb_dev@localhost: Permission denied (publickey,password).
Warning: Identity file /opt/brickbox/bb_vm/keys/bb_dev not accessible: No such file or directory.
Permission denied, please try again.
Permission denied, please try again.
bb_dev@localhost: Permission denied (publickey,password).
Warning: Identity file /opt/brickbox/bb_vm/keys/bb_dev not accessible: No such file or directory.
Permission denied, please try again.
Permission denied, please try again.
bb_dev@localhost: Permission denied (publickey,password).
Warning: Identity file /opt/brickbox/bb_vm/keys/bb_dev not accessible: No such file or directory.
Permission denied, please try again.
Permission denied, please try again.
bb_dev@localhost: Permission denied (publickey,password).
Warning: Identity file /opt/brickbox/bb_vm/keys/bb_dev not accessible: No such file or directory.
Permission denied, please try again.
Permission denied, please try again.
bb_dev@localhost: Permission denied (publickey,password).
Warning: Identity file /opt/brickbox/bb_vm/keys/bb_dev not accessible: No such file or directory.
Permission denied, please try again.
Permission denied, please try again.
bb_dev@localhost: Permission denied (publickey,password).
rmmod: ERROR: Module nvidia_uvm is not currently loaded
rmmod: ERROR: Module nvidia_drm is not currently loaded
rmmod: ERROR: Module nvidia_modeset is not currently loaded
rmmod: ERROR: Module nvidia is not currently loaded
rmmod: ERROR: Module nvidia_uvm is not currently loaded
rmmod: ERROR: Module nvidia_drm is not currently loaded
rmmod: ERROR: Module nvidia_modeset is not currently loaded
rmmod: ERROR: Module nvidia is not currently loaded
Warning: Identity file /opt/brickbox/bb_vm/keys/bb_dev not accessible: No such file or directory.
Permission denied, please try again.
Permission denied, please try again.
bb_dev@localhost: Permission denied (publickey,password).
Warning: Identity file /opt/brickbox/bb_vm/keys/bb_dev not accessible: No such file or directory.
Permission denied, please try again.
Permission denied, please try again.
bb_dev@localhost: Permission denied (publickey,password).
Warning: Identity file /opt/brickbox/bb_vm/keys/bb_dev not accessible: No such file or directory.
Permission denied, please try again.
Permission denied, please try again.
bb_dev@localhost: Permission denied (publickey,password).
Warning: Identity file /opt/brickbox/bb_vm/keys/bb_dev not accessible: No such file or directory.
Permission denied, please try again.
Permission denied, please try again.
bb_dev@localhost: Permission denied (publickey,password).
Warning: Identity file /opt/brickbox/bb_vm/keys/bb_dev not accessible: No such file or directory.
Permission denied, please try again.
Permission denied, please try again.
bb_dev@localhost: Permission denied (publickey,password).
Warning: Identity file /opt/brickbox/bb_vm/keys/bb_dev not accessible: No such file or directory.
Permission denied, please try again.
Permission denied, please try again.
bb_dev@localhost: Permission denied (publickey,password).
Warning: Identity file /opt/brickbox/bb_vm/keys/bb_dev not accessible: No such file or directory.
Permission denied, please try again.
Permission denied, please try again.
bb_dev@localhost: Permission denied (publickey,password).
Warning: Identity file /opt/brickbox/bb_vm/keys/bb_dev not accessible: No such file or directory.
Permission denied, please try again.
Permission denied, please try again.
bb_dev@localhost: Permission denied (publickey,password).
Warning: Identity file /opt/brickbox/bb_vm/keys/bb_dev not accessible: No such file or directory.
Permission denied, please try again.
Permission denied, please try again.
bb_dev@localhost: Permission denied (publickey,password).
Warning: Identity file /opt/brickbox/bb_vm/keys/bb_dev not accessible: No such file or directory.
Permission denied, please try again.
Permission denied, please try again.
bb_dev@localhost: Permission denied (publickey,password).
rmmod: ERROR: Module nvidia_uvm is not currently loaded
rmmod: ERROR: Module nvidia_drm is not currently loaded
rmmod: ERROR: Module nvidia_modeset is not currently loaded
rmmod: ERROR: Module nvidia is not currently loaded
rmmod: ERROR: Module nvidia_uvm is not currently loaded
rmmod: ERROR: Module nvidia_drm is not currently loaded
rmmod: ERROR: Module nvidia_modeset is not currently loaded
rmmod: ERROR: Module nvidia is not currently loaded
rmmod: ERROR: Module nvidia_uvm is not currently loaded
rmmod: ERROR: Module nvidia_drm is not currently loaded
rmmod: ERROR: Module nvidia_modeset is not currently loaded
rmmod: ERROR: Module nvidia is not currently loaded
rmmod: ERROR: Module nvidia_uvm is not currently loaded
rmmod: ERROR: Module nvidia_drm is not currently loaded
rmmod: ERROR: Module nvidia_modeset is not currently loaded
rmmod: ERROR: Module nvidia is not currently loaded
rmmod: ERROR: Module nvidia_uvm is not currently loaded
rmmod: ERROR: Module nvidia_drm is not currently loaded
rmmod: ERROR: Module nvidia_modeset is not currently loaded
rmmod: ERROR: Module nvidia is not currently loaded
rmmod: ERROR: Module nvidia_uvm is not currently loaded
rmmod: ERROR: Module nvidia_drm is not currently loaded
rmmod: ERROR: Module nvidia_modeset is not currently loaded
rmmod: ERROR: Module nvidia is not currently loaded
Warning: Identity file /opt/brickbox/bb_vm/keys/bb_dev not accessible: No such file or directory.
Permission denied, please try again.
Permission denied, please try again.
bb_dev@localhost: Permission denied (publickey,password).
Warning: Identity file /opt/brickbox/bb_vm/keys/bb_dev not accessible: No such file or directory.
Permission denied, please try again.
Permission denied, please try again.
bb_dev@localhost: Permission denied (publickey,password).
Warning: Identity file /opt/brickbox/bb_vm/keys/bb_dev not accessible: No such file or directory.
Permission denied, please try again.
Permission denied, please try again.
bb_dev@localhost: Permission denied (publickey,password).
Warning: Identity file /opt/brickbox/bb_vm/keys/bb_dev not accessible: No such file or directory.
Permission denied, please try again.
Permission denied, please try again.
bb_dev@localhost: Permission denied (publickey,password).
Warning: Identity file /opt/brickbox/bb_vm/keys/bb_dev not accessible: No such file or directory.
Permission denied, please try again.
Permission denied, please try again.
bb_dev@localhost: Permission denied (publickey,password).
Warning: Identity file /opt/brickbox/bb_vm/keys/bb_dev not accessible: No such file or directory.
Permission denied, please try again.
Permission denied, please try again.
bb_dev@localhost: Permission denied (publickey,password).
  % Total    % Received % Xferd  Average Speed   Time    Time     Time  Current
                                 Dload  Upload   Total   Spent    Left  Speed
  0     0    0     0    0     0      0      0 --:--:-- --:--:-- --:--:--     0100   284  100   190  100    94   1104    546 --:--:-- --:--:-- --:--:--  1651
error: failed to get domain '181'
  % Total    % Received % Xferd  Average Speed   Time    Time     Time  Current
                                 Dload  Upload   Total   Spent    Left  Speed
  0     0    0     0    0     0      0      0 --:--:-- --:--:-- --:--:--     0100    24    0     0  100    24      0    230 --:--:-- --:--:-- --:--:--   230
Warning: Identity file /opt/brickbox/bb_vm/keys/bb_dev not accessible: No such file or directory.
Permission denied, please try again.
Permission denied, please try again.
bb_dev@localhost: Permission denied (publickey,password).
Warning: Identity file /opt/brickbox/bb_vm/keys/bb_dev not accessible: No such file or directory.
Permission denied, please try again.
Permission denied, please try again.
bb_dev@localhost: Permission denied (publickey,password).
Warning: Identity file /opt/brickbox/bb_vm/keys/bb_dev not accessible: No such file or directory.
Permission denied, please try again.
Permission denied, please try again.
bb_dev@localhost: Permission denied (publickey,password).
